<?xml version="1.0" encoding="UTF-8"?>
<!-- Generated by org.testng.reporters.JUnitXMLReporter -->
<testsuite hostname="DESKTOP-KD6L0HI" ignored="2" name="Test" tests="12" failures="0" timestamp="13 Jul 2020 08:42:15 GMT" time="0.095" errors="0">
  <testcase name="@BeforeSuite intialise" time="0.15" classname="co.core.tests.TestBase">
    <failure type="java.lang.IllegalStateException" message="The driver executable does not exist: E:\Software\chromedriver_win32\chromedriver.exe">
      <![CDATA[java.lang.IllegalStateException: The driver executable does not exist: E:\Software\chromedriver_win32\chromedriver.exe
at com.google.common.base.Preconditions.checkState(Preconditions.java:585)
at org.openqa.selenium.remote.service.DriverService.checkExecutable(DriverService.java:146)
at org.openqa.selenium.remote.service.DriverService.findExecutable(DriverService.java:141)
at org.openqa.selenium.chrome.ChromeDriverService.access$000(ChromeDriverService.java:35)
at org.openqa.selenium.chrome.ChromeDriverService$Builder.findDefaultExecutable(ChromeDriverService.java:159)
at org.openqa.selenium.remote.service.DriverService$Builder.build(DriverService.java:355)
at org.openqa.selenium.chrome.ChromeDriverService.createDefaultService(ChromeDriverService.java:94)
at org.openqa.selenium.chrome.ChromeDriver.<init>(ChromeDriver.java:123)
at co.core.tests.TestBase.intialise(TestBase.java:20)
... Removed 20 stack frames]]>
    </failure>
  </testcase> <!-- @BeforeSuite intialise -->
  <testcase name="init" time="0.0" classname="co.core.tests.Corelogin">
    <skipped/>
  </testcase> <!-- init -->
  <testcase name="viewcoredet" time="0.0" classname="co.core.tests.Corelogin">
    <skipped/>
  </testcase> <!-- viewcoredet -->
  <testcase name="home" time="0.0" classname="co.core.tests.Corelogin">
    <skipped/>
  </testcase> <!-- home -->
  <testcase name="corecont" time="0.0" classname="co.core.tests.Corelogin">
    <skipped/>
  </testcase> <!-- corecont -->
  <testcase name="familycoremenu" time="0.0" classname="co.core.tests.Corelogin">
    <skipped/>
  </testcase> <!-- familycoremenu -->
  <testcase name="passportdetail" time="0.0" classname="co.core.tests.Corelogin">
    <skipped/>
  </testcase> <!-- passportdetail -->
  <testcase name="education" time="0.0" classname="co.core.tests.Corelogin">
    <skipped/>
  </testcase> <!-- education -->
  <testcase name="document" time="0.0" classname="co.core.tests.Corelogin">
    <skipped/>
  </testcase> <!-- document -->
  <testcase name="visa" time="0.0" classname="co.core.tests.Corelogin">
    <skipped/>
  </testcase> <!-- visa -->
  <testcase name="skills" time="0.0" classname="co.core.tests.Corelogin">
    <skipped/>
  </testcase> <!-- skills -->
  <testcase name="certification" time="0.0" classname="co.core.tests.Corelogin">
    <skipped/>
  </testcase> <!-- certification -->
  <testcase name="currentlocation1" time="0.0" classname="co.core.tests.Corelogin">
    <skipped/>
  </testcase> <!-- currentlocation1 -->
  <testcase name="@BeforeSuite intialise" time="0.0" classname="co.core.tests.TestBase">
    <ignored/>
  </testcase> <!-- @BeforeSuite intialise -->
  <testcase name="@AfterSuite TeardownTest" time="0.0" classname="co.core.tests.TestBase">
    <ignored/>
  </testcase> <!-- @AfterSuite TeardownTest -->
</testsuite> <!-- Test -->
